<?xml version="1.0" encoding="UTF-8"?>
<!-- Generated by org.testng.reporters.JUnitXMLReporter -->
<testsuite hostname="DESKTOP-JKPPEN4" name="Test" tests="10" failures="2" timestamp="14 Jun 2020 08:52:15 GMT" time="0.173" errors="0">
  <testcase name="a" time="0.027" classname="Pack1.Class1">
    <skipped/>
  </testcase> <!-- a -->
  <testcase name="a" time="0.001" classname="Pack1.Class1">
    <skipped/>
  </testcase> <!-- a -->
  <testcase name="a" time="0.001" classname="Pack1.Class1">
    <skipped/>
  </testcase> <!-- a -->
  <testcase name="a" time="0.001" classname="Pack1.Class1">
    <failure type="java.lang.AssertionError" message="expected [true] but found [false]">
      <![CDATA[java.lang.AssertionError: expected [true] but found [false]
	at Pack1.Class1.a(Class1.java:17)
... Removed 28 stack frames]]>
    </failure>
  </testcase> <!-- a -->
  <testcase name="f" time="0.003" classname="Pack1.Class1"/>
  <testcase name="h" time="0.005" classname="Pack1.Class1"/>
  <testcase name="t" time="0.002" classname="Pack1.Class1">
    <skipped/>
  </testcase> <!-- t -->
  <testcase name="t" time="0.002" classname="Pack1.Class1">
    <skipped/>
  </testcase> <!-- t -->
  <testcase name="t" time="0.002" classname="Pack1.Class1">
    <skipped/>
  </testcase> <!-- t -->
  <testcase name="t" time="0.006" classname="Pack1.Class1">
    <failure type="java.lang.AssertionError" message="expected [true] but found [false]">
      <![CDATA[java.lang.AssertionError: expected [true] but found [false]
	at Pack1.Class1.t(Class1.java:29)
... Removed 28 stack frames]]>
    </failure>
  </testcase> <!-- t -->
</testsuite> <!-- Test -->
